[FFmpeg] Added to PATH: C:\Users\chevu/AppData/Local/Microsoft/WinGet/Packages\Gyan.FFmpeg_Microsoft.Winget.Source_8wekyb3d8bbwe\ffmpeg-8.1-full_build\bin
[FFmpeg] Binary: C:\Users\chevu/AppData/Local/Microsoft/WinGet/Packages\Gyan.FFmpeg_Microsoft.Winget.Source_8wekyb3d8bbwe\ffmpeg-8.1-full_build\bin\ffmpeg.exe
[FFmpeg] Patched subprocess.run for ffmpeg
==================================================
  Whisper Transcription Server
==================================================
  Model: base
  URL: http://localhost:5000
==================================================

Endpoints:
  POST /transcribe - Upload audio file
  GET /health - Check server status
  GET /models - List available models

Press Ctrl+C to stop

 * Serving Flask app 'whisper_server'
 * Debug mode: off
WARNING: This is a development server. Do not use it in a production deployment. Use a production WSGI server instead.
 * Running on all addresses (0.0.0.0)
 * Running on http://127.0.0.1:5000
 * Running on http://192.168.1.107:5000
Press CTRL+C to quit
